<?xml version="1.0" encoding="UTF-8"?>
<coverage generated="1625199367412" clover="3.2.0">
  <project timestamp="1625199367412" name="All files">
    <metrics statements="69" coveredstatements="69" conditionals="28" coveredconditionals="16" methods="9" coveredmethods="9" elements="106" coveredelements="94" complexity="0" loc="69" ncloc="69" packages="1" files="1" classes="1"/>
    <file name="load.js" path="D:\dev\js\common\dmc\src\js\load.js">
      <metrics statements="69" coveredstatements="69" conditionals="28" coveredconditionals="16" methods="9" coveredmethods="9"/>
      <line num="1" count="1" type="cond" truecount="1" falsecount="0"/>
      <line num="2" count="2" type="stmt"/>
      <line num="3" count="2" type="cond" truecount="1" falsecount="0"/>
      <line num="4" count="1" type="stmt"/>
      <line num="5" count="1" type="stmt"/>
      <line num="6" count="1" type="stmt"/>
      <line num="7" count="1" type="stmt"/>
      <line num="8" count="2" type="stmt"/>
      <line num="9" count="1" type="stmt"/>
      <line num="10" count="1" type="cond" truecount="1" falsecount="0"/>
      <line num="11" count="2" type="stmt"/>
      <line num="12" count="2" type="stmt"/>
      <line num="13" count="2" type="stmt"/>
      <line num="14" count="1" type="stmt"/>
      <line num="15" count="1" type="cond" truecount="1" falsecount="0"/>
      <line num="16" count="3" type="stmt"/>
      <line num="17" count="3" type="stmt"/>
      <line num="18" count="1" type="stmt"/>
      <line num="19" count="1" type="cond" truecount="1" falsecount="8"/>
      <line num="20" count="3" type="stmt"/>
      <line num="21" count="3" type="cond" truecount="0" falsecount="1"/>
      <line num="22" count="3" type="stmt"/>
      <line num="23" count="3" type="stmt"/>
      <line num="24" count="3" type="stmt"/>
      <line num="25" count="3" type="stmt"/>
      <line num="26" count="3" type="stmt"/>
      <line num="27" count="3" type="stmt"/>
      <line num="28" count="1" type="stmt"/>
      <line num="29" count="1" type="cond" truecount="1" falsecount="0"/>
      <line num="30" count="3" type="stmt"/>
      <line num="31" count="3" type="stmt"/>
      <line num="32" count="3" type="cond" truecount="1" falsecount="0"/>
      <line num="33" count="900" type="stmt"/>
      <line num="34" count="900" type="stmt"/>
      <line num="35" count="900" type="stmt"/>
      <line num="36" count="900" type="stmt"/>
      <line num="37" count="3" type="stmt"/>
      <line num="38" count="3" type="stmt"/>
      <line num="39" count="1" type="stmt"/>
      <line num="40" count="1" type="cond" truecount="1" falsecount="1"/>
      <line num="41" count="902" type="stmt"/>
      <line num="42" count="902" type="stmt"/>
      <line num="43" count="902" type="cond" truecount="1" falsecount="0"/>
      <line num="44" count="1" type="stmt"/>
      <line num="45" count="1" type="stmt"/>
      <line num="46" count="1" type="stmt"/>
      <line num="47" count="1" type="stmt"/>
      <line num="48" count="1" type="stmt"/>
      <line num="49" count="1" type="stmt"/>
      <line num="50" count="902" type="cond" truecount="1" falsecount="0"/>
      <line num="51" count="902" type="stmt"/>
      <line num="52" count="902" type="stmt"/>
      <line num="53" count="902" type="stmt"/>
      <line num="54" count="902" type="stmt"/>
      <line num="55" count="1" type="stmt"/>
      <line num="56" count="1" type="cond" truecount="1" falsecount="2"/>
      <line num="57" count="902" type="cond" truecount="2" falsecount="0"/>
      <line num="58" count="902" type="stmt"/>
      <line num="59" count="902" type="stmt"/>
      <line num="60" count="1" type="stmt"/>
      <line num="61" count="1" type="cond" truecount="1" falsecount="0"/>
      <line num="62" count="902" type="cond" truecount="1" falsecount="0"/>
      <line num="63" count="1" type="stmt"/>
      <line num="64" count="1" type="stmt"/>
      <line num="65" count="902" type="stmt"/>
      <line num="66" count="1" type="stmt"/>
      <line num="67" count="1" type="cond" truecount="1" falsecount="0"/>
      <line num="68" count="2" type="stmt"/>
      <line num="69" count="2" type="stmt"/>
    </file>
  </project>
</coverage>
