TN:
SF:src\js\load.js
FN:1,prepareToAction
FN:10,startAction
FN:15,runAnimation
FN:19,setVideoSpeed
FN:29,translatePlaybackRate
FN:40,countPlaybackRate
FN:56,setPlaybackRate
FN:61,clearIntervalCheck
FN:67,waitForWindowFocus
FNF:9
FNH:9
FNDA:2,prepareToAction
FNDA:2,startAction
FNDA:3,runAnimation
FNDA:3,setVideoSpeed
FNDA:3,translatePlaybackRate
FNDA:902,countPlaybackRate
FNDA:902,setPlaybackRate
FNDA:902,clearIntervalCheck
FNDA:2,waitForWindowFocus
DA:1,1
DA:2,2
DA:3,2
DA:4,1
DA:5,1
DA:6,1
DA:7,1
DA:8,2
DA:9,1
DA:10,1
DA:11,2
DA:12,2
DA:13,2
DA:14,1
DA:15,1
DA:16,3
DA:17,3
DA:18,1
DA:19,1
DA:20,3
DA:21,3
DA:22,3
DA:23,3
DA:24,3
DA:25,3
DA:26,3
DA:27,3
DA:28,1
DA:29,1
DA:30,3
DA:31,3
DA:32,3
DA:33,900
DA:34,900
DA:35,900
DA:36,900
DA:37,3
DA:38,3
DA:39,1
DA:40,1
DA:41,902
DA:42,902
DA:43,902
DA:44,1
DA:45,1
DA:46,1
DA:47,1
DA:48,1
DA:49,1
DA:50,902
DA:51,902
DA:52,902
DA:53,902
DA:54,902
DA:55,1
DA:56,1
DA:57,902
DA:58,902
DA:59,902
DA:60,1
DA:61,1
DA:62,902
DA:63,1
DA:64,1
DA:65,902
DA:66,1
DA:67,1
DA:68,2
DA:69,2
LF:69
LH:69
BRDA:1,0,0,2
BRDA:3,1,0,1
BRDA:10,2,0,2
BRDA:15,3,0,3
BRDA:19,4,0,3
BRDA:19,5,0,0
BRDA:19,6,0,0
BRDA:19,7,0,0
BRDA:19,8,0,0
BRDA:19,9,0,0
BRDA:19,10,0,0
BRDA:19,11,0,0
BRDA:19,12,0,0
BRDA:21,13,0,0
BRDA:29,14,0,3
BRDA:32,15,0,900
BRDA:40,16,0,902
BRDA:40,17,0,0
BRDA:43,18,0,1
BRDA:50,19,0,901
BRDA:56,20,0,902
BRDA:56,21,0,0
BRDA:56,22,0,0
BRDA:57,23,0,56
BRDA:57,24,0,846
BRDA:61,25,0,902
BRDA:62,26,0,1
BRDA:67,27,0,2
BRF:28
BRH:16
end_of_record
